16337541920054235029
16337541920054235029
16337541920054235029
16337541920054235029
16337541920054235029
16337541920054235029
16337541920054235029
16337541920054235029
16337541920054235029
16337541920054235029
13156948870815002579
2025-10-14,09:49:21,jdoe,John,Doe
2025-10-14,09:56:26,9789961827244941489,11908785141069599080,13660620988376122075
2025-10-14,09:57:18,9789961827244941489,11908785141069599080,13660620988376122075
2025-10-14,10:20:40,9789961827244941489,11908785141069599080,13660620988376122075
2025-10-15,12:05:00,9789961827244941489,11908785141069599080,13660620988376122075
2025-10-15,12:07:12,9789961827244941489,11908785141069599080,13660620988376122075
2025-10-20,08:35:09,9789961827244941489,11908785141069599080,13660620988376122075
2025-10-20,22:41:00,9789961827244941489,11908785141069599080,13660620988376122075
2025-10-20,22:42:22,9789961827244941489,11908785141069599080,13660620988376122075
2025-10-20,22:42:38,9789961827244941489,11908785141069599080,13660620988376122075
2025-10-20,22:43:33,9789961827244941489,11908785141069599080,13660620988376122075
2025-10-20,22:44:26,9789961827244941489,11908785141069599080,13660620988376122075
2025-10-20,22:45:28,9789961827244941489,11908785141069599080,13660620988376122075
2025-10-20,22:46:03,9789961827244941489,11908785141069599080,13660620988376122075
2025-10-20,22:47:27,9789961827244941489,11908785141069599080,13660620988376122075
2025-10-21,09:52:12,9789961827244941489,11908785141069599080,13660620988376122075
2025-10-21,18:37:15,9789961827244941489,11908785141069599080,13660620988376122075
2025-10-21,18:40:20,9789961827244941489,11908785141069599080,13660620988376122075
2025-10-21,18:42:27,9789961827244941489,11908785141069599080,13660620988376122075
2025-10-21,18:43:10,9789961827244941489,11908785141069599080,13660620988376122075
2025-10-22,08:20:09,9789961827244941489,11908785141069599080,13660620988376122075
2025-10-22,08:40:22,9789961827244941489,11908785141069599080,13660620988376122075
2025-10-22,08:41:16,9789961827244941489,11908785141069599080,13660620988376122075
2025-10-22,08:41:56,9789961827244941489,11908785141069599080,13660620988376122075
2025-10-22,08:42:34,9789961827244941489,11908785141069599080,13660620988376122075
2025-10-23,14:41:13,9789961827244941489,11908785141069599080,13660620988376122075
2025-10-23,14:41:42,9789961827244941489,11908785141069599080,13660620988376122075
2025-10-24,10:12:40,9789961827244941489,11908785141069599080,13660620988376122075
2025-10-24,10:13:50,9789961827244941489,11908785141069599080,13660620988376122075
2025-10-26,23:21:47,9789961827244941489,11908785141069599080,13660620988376122075
2025-10-26,23:35:00,9789961827244941489,11908785141069599080,13660620988376122075
2025-10-26,23:35:44,9789961827244941489,11908785141069599080,13660620988376122075
2025-10-26,23:39:44,9789961827244941489,11908785141069599080,13660620988376122075
2025-10-26,23:42:40,9789961827244941489,11908785141069599080,13660620988376122075
2025-10-26,23:48:35,9789961827244941489,11908785141069599080,13660620988376122075
2025-10-26,23:50:38,9789961827244941489,11908785141069599080,13660620988376122075
2025-10-26,23:53:02,9789961827244941489,11908785141069599080,13660620988376122075
2025-10-26,23:56:00,9789961827244941489,11908785141069599080,13660620988376122075
2025-10-27,00:01:42,9789961827244941489,11908785141069599080,13660620988376122075
2025-10-28,16:20:03,9789961827244941489,11908785141069599080,13660620988376122075
2025-10-28,16:25:26,9789961827244941489,11908785141069599080,13660620988376122075
2025-10-28,16:28:21,9789961827244941489,11908785141069599080,13660620988376122075
2025-10-28,16:30:28,9789961827244941489,11908785141069599080,13660620988376122075
2025-10-28,16:33:58,9789961827244941489,11908785141069599080,13660620988376122075
2025-10-28,16:35:20,9789961827244941489,11908785141069599080,13660620988376122075
2025-10-28,16:35:52,9789961827244941489,11908785141069599080,13660620988376122075
2025-10-28,21:50:59,9789961827244941489,11908785141069599080,13660620988376122075
2025-10-28,22:23:27,9789961827244941489,11908785141069599080,13660620988376122075
2025-10-28,22:24:19,9789961827244941489,11908785141069599080,13660620988376122075
2025-10-28,22:24:56,9789961827244941489,11908785141069599080,13660620988376122075
2025-10-28,22:25:37,9789961827244941489,11908785141069599080,13660620988376122075
2025-11-02,22:43:40,9789961827244941489,11908785141069599080,13660620988376122075
2025-11-02,22:44:14,9789961827244941489,11908785141069599080,13660620988376122075
2025-11-02,22:47:39,9789961827244941489,11908785141069599080,13660620988376122075
2025-11-02,22:48:18,9789961827244941489,11908785141069599080,13660620988376122075
2025-11-02,22:51:11,9789961827244941489,11908785141069599080,13660620988376122075
2025-11-02,22:52:01,9789961827244941489,11908785141069599080,13660620988376122075
2025-11-03,13:22:48,9789961827244941489,11908785141069599080,13660620988376122075
2025-11-03,13:29:03,9789961827244941489,11908785141069599080,13660620988376122075
2025-11-03,13:29:48,9789961827244941489,11908785141069599080,13660620988376122075
2025-11-03,20:38:57,9789961827244941489,11908785141069599080,13660620988376122075
2025-11-03,20:39:54,9789961827244941489,11908785141069599080,13660620988376122075
2025-11-03,21:11:54,9789961827244941489,11908785141069599080,13660620988376122075
2025-11-03,21:12:52,9789961827244941489,11908785141069599080,13660620988376122075
2025-11-04,12:16:37,9789961827244941489,11908785141069599080,13660620988376122075
2025-11-05,22:22:38,9789961827244941489,11908785141069599080,13660620988376122075
2025-11-05,22:32:00,9789961827244941489,11908785141069599080,13660620988376122075
2025-11-05,22:32:31,9789961827244941489,11908785141069599080,13660620988376122075
2025-11-05,22:33:47,9789961827244941489,11908785141069599080,13660620988376122075
2025-11-05,22:35:11,9789961827244941489,11908785141069599080,13660620988376122075
2025-11-05,22:37:11,9789961827244941489,11908785141069599080,13660620988376122075
2025-11-05,22:46:15,9789961827244941489,11908785141069599080,13660620988376122075
2025-11-05,22:50:05,9789961827244941489,11908785141069599080,13660620988376122075
2025-11-06,08:20:53,9789961827244941489,11908785141069599080,13660620988376122075
2025-11-06,08:38:15,9789961827244941489,11908785141069599080,13660620988376122075
2025-11-06,08:41:17,9789961827244941489,11908785141069599080,13660620988376122075
2025-11-06,09:03:30,9789961827244941489,11908785141069599080,13660620988376122075
2025-11-06,09:04:04,9789961827244941489,11908785141069599080,13660620988376122075
2025-11-06,09:05:11,9789961827244941489,11908785141069599080,13660620988376122075
2025-11-06,09:05:33,9789961827244941489,11908785141069599080,13660620988376122075
2025-11-06,09:06:42,9789961827244941489,11908785141069599080,13660620988376122075
2025-11-06,09:22:33,9789961827244941489,11908785141069599080,13660620988376122075
2025-11-09,23:24:31,16438584278827261967,17424306669954429670,5470473303899839203
2025-11-13,08:45:51,9789961827244941489,11908785141069599080,13660620988376122075
2025-11-13,08:47:09,9789961827244941489,11908785141069599080,13660620988376122075
